[MFLOG|0|2022-12-04T09:08:53.747914Z|runtime|b654c4c6-ef11-4db8-a7b8-d9f97f402b58][M::bwa_idx_load_from_disk] read 0 ALT contigs
[MFLOG|0|2022-12-04T09:08:53.849627Z|runtime|4045c967-5a29-4dc8-9f08-baed2b40681d][M::process] read 66226 sequences (10000126 bp)...
[MFLOG|0|2022-12-04T09:08:53.956470Z|runtime|38d4cb4c-69d9-44e9-ba54-9436a98899c8][M::process] read 66226 sequences (10000126 bp)...
[MFLOG|0|2022-12-04T09:08:59.522923Z|runtime|669363b9-adde-4530-8195-b001d4f4d101][M::mem_process_seqs] Processed 66226 reads in 5.773 CPU sec, 5.673 real sec
[MFLOG|0|2022-12-04T09:08:59.659896Z|runtime|f368771d-e694-42e3-9989-33982be27fb8][M::process] read 66226 sequences (10000126 bp)...
[MFLOG|0|2022-12-04T09:09:04.953741Z|runtime|e3e7fafe-8c71-466a-bc80-df36b6095243][M::mem_process_seqs] Processed 66226 reads in 5.558 CPU sec, 5.431 real sec
[MFLOG|0|2022-12-04T09:09:05.147045Z|runtime|8ae2e19e-c08a-46f6-9267-2351a987d75e][M::process] read 66226 sequences (10000126 bp)...
[MFLOG|0|2022-12-04T09:09:10.406772Z|runtime|4721393d-a5ed-44cf-ad97-2294a88143c4][M::mem_process_seqs] Processed 66226 reads in 5.633 CPU sec, 5.453 real sec
[MFLOG|0|2022-12-04T09:09:10.598303Z|runtime|5c386e9f-148c-4bf8-b7dd-952acfe9c9c6][M::process] read 66226 sequences (10000126 bp)...
[MFLOG|0|2022-12-04T09:09:15.893805Z|runtime|c0b98c0b-5d6d-4990-bf46-a9dbe94cfa54][M::mem_process_seqs] Processed 66226 reads in 5.674 CPU sec, 5.487 real sec
[MFLOG|0|2022-12-04T09:09:16.091714Z|runtime|e377c28e-4e4b-4123-8347-92002a76e305][M::process] read 66226 sequences (10000126 bp)...
[MFLOG|0|2022-12-04T09:09:21.475880Z|runtime|cf1006e5-1027-4d76-af87-3e72dfcc7b71][M::mem_process_seqs] Processed 66226 reads in 5.769 CPU sec, 5.582 real sec
[MFLOG|0|2022-12-04T09:09:21.610542Z|runtime|64a85f21-5334-4a56-bda4-e17fdbc18a3d][M::process] read 66226 sequences (10000126 bp)...
[MFLOG|0|2022-12-04T09:09:26.998311Z|runtime|131a1bbb-e8f9-42b7-a95e-7e8f2eb2ec53][M::mem_process_seqs] Processed 66226 reads in 5.646 CPU sec, 5.522 real sec
[MFLOG|0|2022-12-04T09:09:27.149911Z|runtime|90248f4d-ce49-4e6f-9e64-ab501e43ecf8][M::process] read 66226 sequences (10000126 bp)...
[MFLOG|0|2022-12-04T09:09:32.437140Z|runtime|ac49d8ec-b653-4ac5-9a76-4ec157715434][M::mem_process_seqs] Processed 66226 reads in 5.579 CPU sec, 5.439 real sec
[MFLOG|0|2022-12-04T09:09:32.680255Z|runtime|7556b2f3-7184-4e64-bcb5-562452f6d63b][M::process] read 66226 sequences (10000126 bp)...
[MFLOG|0|2022-12-04T09:09:37.941580Z|runtime|86d2b867-26be-423d-b935-e3cba9737684][M::mem_process_seqs] Processed 66226 reads in 5.729 CPU sec, 5.504 real sec
[MFLOG|0|2022-12-04T09:09:38.104470Z|runtime|b791220b-1ca0-4b42-a880-1c307398ad57][M::process] read 66226 sequences (10000126 bp)...
[MFLOG|0|2022-12-04T09:09:43.417073Z|runtime|4cb183df-151f-46e1-b27e-87fcf8590b77][M::mem_process_seqs] Processed 66226 reads in 5.633 CPU sec, 5.475 real sec
[MFLOG|0|2022-12-04T09:09:43.555228Z|runtime|93288faa-915e-4efc-bf8c-733a51bec49d][M::process] read 66226 sequences (10000126 bp)...
[MFLOG|0|2022-12-04T09:09:48.870737Z|runtime|ae0af53c-942a-480d-9926-68424fd7e144][M::mem_process_seqs] Processed 66226 reads in 5.582 CPU sec, 5.454 real sec
[MFLOG|0|2022-12-04T09:09:49.009255Z|runtime|bfad1b17-3184-4a14-ac88-507bb104d22e][M::process] read 66226 sequences (10000126 bp)...
[MFLOG|0|2022-12-04T09:09:54.276466Z|runtime|8e9b8b33-05b8-46be-889c-0693526f6d2d][M::mem_process_seqs] Processed 66226 reads in 5.537 CPU sec, 5.406 real sec
[MFLOG|0|2022-12-04T09:09:54.412451Z|runtime|9483eb5f-b7af-4c8d-8d7e-6e666b3a29d0][M::process] read 66226 sequences (10000126 bp)...
[MFLOG|0|2022-12-04T09:09:59.699122Z|runtime|67dcde8f-af57-4589-9501-8b264866298c][M::mem_process_seqs] Processed 66226 reads in 5.544 CPU sec, 5.423 real sec
[MFLOG|0|2022-12-04T09:09:59.847270Z|runtime|112705db-4776-4b6a-a5f6-41c56a8a26be][M::process] read 66226 sequences (10000126 bp)...
[MFLOG|0|2022-12-04T09:10:05.290701Z|runtime|7c22b2c0-b2fd-4b56-9e5c-1e815e0c742d][M::mem_process_seqs] Processed 66226 reads in 5.729 CPU sec, 5.591 real sec
[MFLOG|0|2022-12-04T09:10:05.425091Z|runtime|1dc06917-56c2-4288-9462-4707b6763593][M::process] read 66226 sequences (10000126 bp)...
[MFLOG|0|2022-12-04T09:10:10.748568Z|runtime|88455f46-29bc-45b7-b025-8b78808c6e3d][M::mem_process_seqs] Processed 66226 reads in 5.577 CPU sec, 5.458 real sec
[MFLOG|0|2022-12-04T09:10:10.916863Z|runtime|ab3b118e-5840-41dc-8489-6a94d0fa37c1][M::process] read 66226 sequences (10000126 bp)...
[MFLOG|0|2022-12-04T09:10:16.217164Z|runtime|4ab66090-8ee9-44d3-8f08-da0260e943dc][M::mem_process_seqs] Processed 66226 reads in 5.624 CPU sec, 5.469 real sec
[MFLOG|0|2022-12-04T09:10:16.375554Z|runtime|47010486-7ea0-495e-a2b9-6a85045e406e][M::process] read 66226 sequences (10000126 bp)...
[MFLOG|0|2022-12-04T09:10:21.673883Z|runtime|6eea48dc-e779-4384-9462-36fc57715844][M::mem_process_seqs] Processed 66226 reads in 5.610 CPU sec, 5.457 real sec
[MFLOG|0|2022-12-04T09:10:21.810581Z|runtime|338c5c29-d862-4ebe-b467-676b834366a6][M::process] read 66226 sequences (10000126 bp)...
[MFLOG|0|2022-12-04T09:10:27.115815Z|runtime|3d08dad1-bde7-410a-8485-28678c6c76ac][M::mem_process_seqs] Processed 66226 reads in 5.567 CPU sec, 5.442 real sec
[MFLOG|0|2022-12-04T09:10:27.245987Z|runtime|ebe58457-df25-4b45-b655-c40eac140e75][M::process] read 66226 sequences (10000126 bp)...
[MFLOG|0|2022-12-04T09:10:34.796612Z|runtime|932815a3-45e8-4705-a6a6-cf0401af9535][M::mem_process_seqs] Processed 66226 reads in 7.802 CPU sec, 7.681 real sec
[MFLOG|0|2022-12-04T09:10:34.960410Z|runtime|6b8c8048-f18d-4b90-9f1a-bed30e41332a][M::process] read 66226 sequences (10000126 bp)...
[MFLOG|0|2022-12-04T09:10:40.158946Z|runtime|5a13490a-835f-4416-b0ef-26a364dc9641][M::mem_process_seqs] Processed 66226 reads in 5.515 CPU sec, 5.362 real sec
[MFLOG|0|2022-12-04T09:10:40.311571Z|runtime|a2f9e809-ce4e-4d97-bd62-78b247237465][M::process] read 66226 sequences (10000126 bp)...
[MFLOG|0|2022-12-04T09:10:45.544445Z|runtime|9e07782e-f0e3-4147-a8ba-cc1b3e2626ed][M::mem_process_seqs] Processed 66226 reads in 5.528 CPU sec, 5.385 real sec
[MFLOG|0|2022-12-04T09:10:45.683792Z|runtime|c36d479d-8c89-4ca8-a873-d70cc7f71932][M::process] read 66226 sequences (10000126 bp)...
[MFLOG|0|2022-12-04T09:10:51.136063Z|runtime|86341f42-9daa-420e-8b39-f0812c1848eb][M::mem_process_seqs] Processed 66226 reads in 5.723 CPU sec, 5.592 real sec
[MFLOG|0|2022-12-04T09:10:51.295091Z|runtime|04af30ce-8dbc-4900-bd5d-e58b7558ae62][M::process] read 66226 sequences (10000126 bp)...
[MFLOG|0|2022-12-04T09:10:56.530599Z|runtime|715cb1ad-29b8-400e-ae48-d9c6ddf55240][M::mem_process_seqs] Processed 66226 reads in 5.537 CPU sec, 5.394 real sec
[MFLOG|0|2022-12-04T09:10:56.667982Z|runtime|b07cc1cc-7e24-4853-bf2d-1ebd0fd9435e][M::process] read 66226 sequences (10000126 bp)...
[MFLOG|0|2022-12-04T09:11:01.882550Z|runtime|26602f78-54c6-4871-b2be-e1442fdc9cef][M::mem_process_seqs] Processed 66226 reads in 5.472 CPU sec, 5.352 real sec
[MFLOG|0|2022-12-04T09:11:02.022059Z|runtime|93c2b03f-547d-47b1-8d6d-514df8f4fb93][M::process] read 66226 sequences (10000126 bp)...
[MFLOG|0|2022-12-04T09:11:07.246365Z|runtime|b4573d72-9e0b-4812-9fa9-9a8397a3bff1][M::mem_process_seqs] Processed 66226 reads in 5.490 CPU sec, 5.364 real sec
[MFLOG|0|2022-12-04T09:11:07.306458Z|runtime|7fbcf73b-2eef-41c8-98ec-ea1b9ab2ecea][M::process] read 2846 sequences (429746 bp)...
[MFLOG|0|2022-12-04T09:11:12.775057Z|runtime|f492abdc-ae2c-4454-b652-e0fdd99038ed][M::mem_process_seqs] Processed 66226 reads in 5.584 CPU sec, 5.529 real sec
[MFLOG|0|2022-12-04T09:11:13.016704Z|runtime|8e3c6b9e-a476-43a7-9677-abbdaa39eb90][M::mem_process_seqs] Processed 2846 reads in 0.275 CPU sec, 0.242 real sec
[MFLOG|0|2022-12-04T09:11:13.475007Z|runtime|6fb64379-fa8c-4246-94af-f1976be97744][main] Version: 0.7.17-r1188
[MFLOG|0|2022-12-04T09:11:13.515084Z|runtime|8388f38f-3bee-4c15-98a0-605e5ed10c96][main] CMD: bwa mem ref_genome.fna SRR8533688.fastq.gz
[MFLOG|0|2022-12-04T09:11:13.515241Z|runtime|23540d5a-43b3-47ea-bef5-baad78f00596][main] Real time: 139.729 sec; CPU: 142.798 sec
