[MFLOG|0|2022-12-04T09:17:30.225569Z|runtime|940c42ea-62c1-446e-80c9-c8fdad59c613][M::bwa_idx_load_from_disk] read 0 ALT contigs
[MFLOG|0|2022-12-04T09:17:30.323748Z|runtime|28d4489b-ce7c-4361-b541-06a397fa0e70][M::process] read 66226 sequences (10000126 bp)...
[MFLOG|0|2022-12-04T09:17:30.426731Z|runtime|16c0c1d8-5635-437d-ac47-f27da8896340][M::process] read 66226 sequences (10000126 bp)...
[MFLOG|0|2022-12-04T09:17:36.047694Z|runtime|735c8b81-73e1-4800-9ed3-e8ee6e1bb768][M::mem_process_seqs] Processed 66226 reads in 5.820 CPU sec, 5.724 real sec
[MFLOG|0|2022-12-04T09:17:36.184212Z|runtime|4dc22e57-8372-4a26-a1fb-ebd8ba12790e][M::process] read 66226 sequences (10000126 bp)...
[MFLOG|0|2022-12-04T09:17:41.526185Z|runtime|96a6dd9c-180a-49c7-a321-ea07913d22e6][M::mem_process_seqs] Processed 66226 reads in 5.610 CPU sec, 5.478 real sec
[MFLOG|0|2022-12-04T09:17:41.668908Z|runtime|c1750873-b691-4587-83f3-23289481ec47][M::process] read 66226 sequences (10000126 bp)...
[MFLOG|0|2022-12-04T09:17:46.982482Z|runtime|9538f2ce-c00a-4a0c-8fd6-a6af18ae8840][M::mem_process_seqs] Processed 66226 reads in 5.581 CPU sec, 5.456 real sec
[MFLOG|0|2022-12-04T09:17:47.121834Z|runtime|801ea6e8-69a9-4007-b89b-6b599c8a6d49][M::process] read 66226 sequences (10000126 bp)...
[MFLOG|0|2022-12-04T09:17:52.495604Z|runtime|baf62ab4-2be6-46a1-b124-14b79f83c2b0][M::mem_process_seqs] Processed 66226 reads in 5.648 CPU sec, 5.513 real sec
[MFLOG|0|2022-12-04T09:17:52.650713Z|runtime|5a4beb49-613d-461b-a5dc-58efcb71e637][M::process] read 66226 sequences (10000126 bp)...
[MFLOG|0|2022-12-04T09:17:57.950393Z|runtime|beb51883-6157-4526-bf74-dadee90b3a9b][M::mem_process_seqs] Processed 66226 reads in 5.592 CPU sec, 5.455 real sec
[MFLOG|0|2022-12-04T09:17:58.087115Z|runtime|c184e093-61b6-4a7b-a9a6-e96f5f87ec09][M::process] read 66226 sequences (10000126 bp)...
[MFLOG|0|2022-12-04T09:18:03.483274Z|runtime|202009f3-58c3-437c-a9f5-864b0b970570][M::mem_process_seqs] Processed 66226 reads in 5.666 CPU sec, 5.533 real sec
[MFLOG|0|2022-12-04T09:18:03.627948Z|runtime|14281625-db47-409b-adfb-600e382eedd1][M::process] read 66226 sequences (10000126 bp)...
[MFLOG|0|2022-12-04T09:18:08.926804Z|runtime|16445935-c4cd-4907-9b4e-83afd5812501][M::mem_process_seqs] Processed 66226 reads in 5.575 CPU sec, 5.443 real sec
[MFLOG|0|2022-12-04T09:18:09.059043Z|runtime|6b5abca2-7f85-4119-b450-ef34c66d5a56][M::process] read 66226 sequences (10000126 bp)...
[MFLOG|0|2022-12-04T09:18:14.505578Z|runtime|07a2380c-5767-487e-bc8e-be74a0a5d03d][M::mem_process_seqs] Processed 66226 reads in 5.704 CPU sec, 5.579 real sec
[MFLOG|0|2022-12-04T09:18:14.648328Z|runtime|5810b352-16ab-42c6-9bf9-c01a09541e6d][M::process] read 66226 sequences (10000126 bp)...
[MFLOG|0|2022-12-04T09:18:20.201455Z|runtime|b5acc19c-460c-4f79-a47d-8e603722dcce][M::mem_process_seqs] Processed 66226 reads in 5.824 CPU sec, 5.696 real sec
[MFLOG|0|2022-12-04T09:18:20.351892Z|runtime|c40b1dd8-8c87-4871-937a-f7dca91a7b86][M::process] read 66226 sequences (10000126 bp)...
[MFLOG|0|2022-12-04T09:18:25.716812Z|runtime|1929ae42-55ca-486b-8327-bba302dca11d][M::mem_process_seqs] Processed 66226 reads in 5.660 CPU sec, 5.515 real sec
[MFLOG|0|2022-12-04T09:18:25.844842Z|runtime|8eb47510-c7bf-472d-ad50-7fa2242064c3][M::process] read 66226 sequences (10000126 bp)...
[MFLOG|0|2022-12-04T09:18:31.238931Z|runtime|9d202abc-cf04-4b52-aed3-ab5fcab581da][M::mem_process_seqs] Processed 66226 reads in 5.639 CPU sec, 5.522 real sec
[MFLOG|0|2022-12-04T09:18:31.381047Z|runtime|4c00ab83-a4db-41f3-9dbb-7b11f8375a33][M::process] read 66226 sequences (10000126 bp)...
[MFLOG|0|2022-12-04T09:18:36.769738Z|runtime|2cc0be0a-86ea-401f-89b4-68e68f7a3964][M::mem_process_seqs] Processed 66226 reads in 5.660 CPU sec, 5.531 real sec
[MFLOG|0|2022-12-04T09:18:36.946991Z|runtime|ca9d7416-4420-4b0a-9a10-8c8a806268a0][M::process] read 66226 sequences (10000126 bp)...
[MFLOG|0|2022-12-04T09:18:42.332961Z|runtime|47e51dbe-b640-4625-abdc-9fb78e55bc1b][M::mem_process_seqs] Processed 66226 reads in 5.734 CPU sec, 5.563 real sec
[MFLOG|0|2022-12-04T09:18:42.582806Z|runtime|21d49faf-d728-4d5c-9e5a-f2d4806d1e27][M::process] read 66226 sequences (10000126 bp)...
[MFLOG|0|2022-12-04T09:18:47.814442Z|runtime|e27cb851-3343-48e8-a25f-e46e9b23a000][M::mem_process_seqs] Processed 66226 reads in 5.726 CPU sec, 5.481 real sec
[MFLOG|0|2022-12-04T09:18:47.951529Z|runtime|4414af8e-670b-40d7-9216-fd0e6b740c10][M::process] read 66226 sequences (10000126 bp)...
[MFLOG|0|2022-12-04T09:18:53.356888Z|runtime|470b3a85-74a2-42b3-a53c-53a1cf20a33e][M::mem_process_seqs] Processed 66226 reads in 5.670 CPU sec, 5.542 real sec
[MFLOG|0|2022-12-04T09:18:53.501128Z|runtime|2bc78954-5ee8-436b-bbf0-9649bc65b61a][M::process] read 66226 sequences (10000126 bp)...
[MFLOG|0|2022-12-04T09:18:58.933588Z|runtime|16189ecd-d1d4-4104-8918-19236a345ab7][M::mem_process_seqs] Processed 66226 reads in 5.718 CPU sec, 5.577 real sec
[MFLOG|0|2022-12-04T09:18:59.059522Z|runtime|3cd3e5c3-2544-4432-8267-d9e7c0344429][M::process] read 66226 sequences (10000126 bp)...
[MFLOG|0|2022-12-04T09:19:04.528774Z|runtime|fc0f768f-8a53-476a-a330-586112c6f606][M::mem_process_seqs] Processed 66226 reads in 5.714 CPU sec, 5.595 real sec
[MFLOG|0|2022-12-04T09:19:04.675474Z|runtime|69c51f96-be2d-448d-94e8-1192850648b4][M::process] read 66226 sequences (10000126 bp)...
[MFLOG|0|2022-12-04T09:19:10.118992Z|runtime|096a01f6-0617-4965-8e59-ddd445663e09][M::mem_process_seqs] Processed 66226 reads in 5.726 CPU sec, 5.590 real sec
[MFLOG|0|2022-12-04T09:19:10.258645Z|runtime|6132c808-9783-44f2-b2cb-b3031fe18a27][M::process] read 66226 sequences (10000126 bp)...
[MFLOG|0|2022-12-04T09:19:15.638196Z|runtime|5ced2a5a-7648-49c2-ba42-42f4e384c95c][M::mem_process_seqs] Processed 66226 reads in 5.646 CPU sec, 5.519 real sec
[MFLOG|0|2022-12-04T09:19:15.794827Z|runtime|22914d93-3b02-45c8-8626-62a44ecf2222][M::process] read 66226 sequences (10000126 bp)...
[MFLOG|0|2022-12-04T09:19:21.162409Z|runtime|eac0a9be-80d5-4821-a075-22b27c8043ab][M::mem_process_seqs] Processed 66226 reads in 5.668 CPU sec, 5.524 real sec
[MFLOG|0|2022-12-04T09:19:21.311711Z|runtime|2c419f95-bf12-4e48-af2f-2727fe251cfa][M::process] read 66226 sequences (10000126 bp)...
[MFLOG|0|2022-12-04T09:19:26.722089Z|runtime|7e69535b-0c6c-4058-8aa3-ac60db0d4646][M::mem_process_seqs] Processed 66226 reads in 5.690 CPU sec, 5.560 real sec
[MFLOG|0|2022-12-04T09:19:26.857158Z|runtime|e9f5b245-8235-4f44-8192-3b7695d8fbab][M::process] read 66226 sequences (10000126 bp)...
[MFLOG|0|2022-12-04T09:19:32.252066Z|runtime|873b5ffa-de8d-494f-b6f0-702da41eb148][M::mem_process_seqs] Processed 66226 reads in 5.655 CPU sec, 5.530 real sec
[MFLOG|0|2022-12-04T09:19:32.395723Z|runtime|a283cba4-1b26-4669-89cb-76a442dc1f85][M::process] read 66226 sequences (10000126 bp)...
[MFLOG|0|2022-12-04T09:19:37.770917Z|runtime|a851e928-f330-41b5-9da9-dd2038eb43f0][M::mem_process_seqs] Processed 66226 reads in 5.645 CPU sec, 5.519 real sec
[MFLOG|0|2022-12-04T09:19:37.988654Z|runtime|ba3a7287-9129-4e61-8fc0-e21ec787aa56][M::process] read 66226 sequences (10000126 bp)...
[MFLOG|0|2022-12-04T09:19:43.261970Z|runtime|1bb9a2b2-adb8-4554-902c-5182a3c7a79f][M::mem_process_seqs] Processed 66226 reads in 5.693 CPU sec, 5.491 real sec
[MFLOG|0|2022-12-04T09:19:43.323589Z|runtime|7ae0f455-5ca1-4037-8572-cd708d9d8713][M::process] read 2846 sequences (429746 bp)...
[MFLOG|0|2022-12-04T09:19:48.818709Z|runtime|95d38968-9d39-44ed-a067-79731087fb28][M::mem_process_seqs] Processed 66226 reads in 5.608 CPU sec, 5.557 real sec
[MFLOG|0|2022-12-04T09:19:49.064246Z|runtime|70ccf9af-88f5-437e-991b-edf26691d5f0][M::mem_process_seqs] Processed 2846 reads in 0.272 CPU sec, 0.245 real sec
[MFLOG|0|2022-12-04T09:19:50.246677Z|runtime|9c8a93b4-3308-4b62-bd18-0d716585136c][main] Version: 0.7.17-r1188
[MFLOG|0|2022-12-04T09:19:50.287604Z|runtime|f4491083-51d6-45ce-a826-2c9fe6185de8][main] CMD: bwa mem ref_genome.fna SRR8533688.fastq.gz
[MFLOG|0|2022-12-04T09:19:50.287758Z|runtime|e307bf3f-c716-4663-a97f-bf0fcf15286c][main] Real time: 140.023 sec; CPU: 142.258 sec
