[MFLOG|0|2022-12-04T09:17:14.860465Z|runtime|43a69302-9301-4583-badd-9992313be92a]Started analysis of SRR8533688.fastq.gz
[MFLOG|0|2022-12-04T09:17:15.609106Z|runtime|dbeaeb00-7e59-42a8-8e7f-691434aa9854]Approx 5% complete for SRR8533688.fastq.gz
[MFLOG|0|2022-12-04T09:17:16.177304Z|runtime|4262c032-39fd-4b49-b27a-938de9e3984b]Approx 10% complete for SRR8533688.fastq.gz
[MFLOG|0|2022-12-04T09:17:16.705786Z|runtime|fd8c478b-f82e-4248-9fd3-01583bf51c82]Approx 15% complete for SRR8533688.fastq.gz
[MFLOG|0|2022-12-04T09:17:17.222041Z|runtime|eba13dea-3e41-4b68-b1a3-371dd731188a]Approx 20% complete for SRR8533688.fastq.gz
[MFLOG|0|2022-12-04T09:17:17.739319Z|runtime|fccb7bb5-5c14-4b63-afc8-30642ec65536]Approx 25% complete for SRR8533688.fastq.gz
[MFLOG|0|2022-12-04T09:17:18.251739Z|runtime|11f67c41-377b-4a99-9247-d314d79ce2da]Approx 30% complete for SRR8533688.fastq.gz
[MFLOG|0|2022-12-04T09:17:18.766153Z|runtime|b9f3b929-faca-4731-9dd0-e234a321bab2]Approx 35% complete for SRR8533688.fastq.gz
[MFLOG|0|2022-12-04T09:17:19.276636Z|runtime|2ef278d6-d6a7-4b71-bc5f-e1e743ae180b]Approx 40% complete for SRR8533688.fastq.gz
[MFLOG|0|2022-12-04T09:17:19.786162Z|runtime|e46f4d84-e99e-4eab-8233-cdce33535c56]Approx 45% complete for SRR8533688.fastq.gz
[MFLOG|0|2022-12-04T09:17:20.285294Z|runtime|e5143380-5296-43ce-a055-213d479ac12f]Approx 50% complete for SRR8533688.fastq.gz
[MFLOG|0|2022-12-04T09:17:20.790281Z|runtime|3c295bd5-b534-4626-bcf6-62e5c391f277]Approx 55% complete for SRR8533688.fastq.gz
[MFLOG|0|2022-12-04T09:17:21.291621Z|runtime|c0b73446-afb7-43e1-afca-a8ec7ec3fcb7]Approx 60% complete for SRR8533688.fastq.gz
[MFLOG|0|2022-12-04T09:17:21.810951Z|runtime|3deab4ca-2d20-45c6-8bca-7396abeff76f]Approx 65% complete for SRR8533688.fastq.gz
[MFLOG|0|2022-12-04T09:17:22.311627Z|runtime|e0c5b531-bd29-42ed-9b56-ae1884107a4b]Approx 70% complete for SRR8533688.fastq.gz
[MFLOG|0|2022-12-04T09:17:22.805806Z|runtime|002695c8-7049-4147-ad2d-8531dbba0042]Approx 75% complete for SRR8533688.fastq.gz
[MFLOG|0|2022-12-04T09:17:23.305256Z|runtime|124f371e-500f-49d5-81db-f383b786de7b]Approx 80% complete for SRR8533688.fastq.gz
[MFLOG|0|2022-12-04T09:17:23.805675Z|runtime|d3a4f041-2132-4637-8448-a6d591e36660]Approx 85% complete for SRR8533688.fastq.gz
[MFLOG|0|2022-12-04T09:17:24.297053Z|runtime|0b0a33f7-e730-46eb-aeef-5aaf9a881799]Approx 90% complete for SRR8533688.fastq.gz
[MFLOG|0|2022-12-04T09:17:24.798448Z|runtime|30a60552-d1d2-4385-966c-4fc0c2454f26]Approx 95% complete for SRR8533688.fastq.gz
